<?xml version="1.0" encoding="UTF-8"?>
<!-- Generated by org.testng.reporters.JUnitReportReporter -->
<testsuite hostname="Suraj-Dubey" failures="0" tests="1" name="E2EProject.SDTEST.validatingLogo" time="0.222" errors="0" timestamp="2022-06-18T00:52:01 IST" skipped="0">
  <testcase classname="E2EProject.SDTEST.validatingLogo" name="validateLogo" time="0.222"/>
  <system-out/>
</testsuite> <!-- E2EProject.SDTEST.validatingLogo -->
