<?xml version="1.0" encoding="UTF-8"?>
<!-- Generated by org.testng.reporters.JUnitReportReporter -->
<testsuite hostname="Suraj-Dubey" failures="0" tests="1" name="E2EProject.SDTEST.HomePage" time="9.206" errors="0" timestamp="2022-06-06T00:19:50 IST" skipped="0">
  <testcase classname="E2EProject.SDTEST.HomePage" name="basepageNavigation" time="9.206"/>
  <system-out/>
</testsuite> <!-- E2EProject.SDTEST.HomePage -->
