<?xml version="1.0" encoding="UTF-8"?>
<!-- Generated by org.testng.reporters.JUnitReportReporter -->
<testsuite hostname="Suraj-Dubey" failures="0" tests="1" name="E2EProject.SDTEST.validatingLogo" time="0.137" errors="0" timestamp="2022-06-10T01:25:15 IST" skipped="0">
  <testcase classname="E2EProject.SDTEST.validatingLogo" name="validateLogo" time="0.137"/>
  <system-out/>
</testsuite> <!-- E2EProject.SDTEST.validatingLogo -->
